<?xml version="1.0" encoding="utf-8"?><testsuites><testsuite name="pytest" errors="0" failures="0" skipped="0" tests="2" time="27.655" timestamp="2022-01-09T21:01:39.591564" hostname="manjaro"><testcase classname="eve.builder.plugin" name="build[leaf2.example.com]" time="27.608" /><testcase classname="eve.builder.plugin" name="build[leaf1.example.com]" time="0.010" /></testsuite></testsuites>