<?xml version="1.0" encoding="utf-8"?><testsuites><testsuite name="pytest" errors="0" failures="0" skipped="0" tests="2" time="0.039" timestamp="2022-01-09T23:11:47.221076" hostname="manjaro"><testcase classname="eve.builder.plugin" name="build[leaf2.example.com]" time="0.020" /><testcase classname="eve.builder.plugin" name="build[leaf1.example.com]" time="0.007" /></testsuite></testsuites>